SF:/path/to/espower/lib/espower.js
DA:20,1
DA:21,1
DA:24,1
DA:25,0
DA:26,1
DA:27,1
DA:29,0
DA:32,1
DA:35,1
DA:36,0
DA:39,1
DA:58,1
DA:59,341
DA:94,1
DA:95,339
DA:96,334
DA:100,1
DA:101,339
DA:102,334
DA:105,1
DA:106,334
DA:107,332
DA:116,332
DA:118,3148
DA:123,3148
DA:124,1202
DA:130,304
DA:131,304
DA:134,1946
DA:135,1218
DA:137,728
DA:139,327
DA:140,327
DA:141,327
DA:142,327
DA:144,401
DA:146,371
DA:147,371
DA:150,928
DA:154,3148
DA:160,3148
DA:161,304
DA:162,304
DA:165,2844
DA:167,327
DA:168,327
DA:169,327
DA:170,327
DA:173,2517
DA:174,1248
DA:177,1269
DA:178,100
DA:181,1169
DA:184,1169
DA:194,1061
DA:195,1061
DA:196,1061
DA:198,108
DA:201,1169
DA:203,371
DA:204,371
DA:205,371
DA:206,371
DA:210,798
DA:213,332
DA:216,1
DA:217,728
DA:220,1
DA:221,401
DA:222,401
DA:223,401
DA:224,18
DA:226,383
DA:227,383
DA:230,1
DA:231,371
DA:233,371
DA:234,371
DA:235,371
DA:236,371
DA:257,1
DA:258,1061
DA:259,1061
DA:284,1
DA:285,327
DA:286,327
DA:288,2483
DA:289,152
DA:293,152
DA:295,2331
DA:299,327
DA:302,1
DA:303,1113
DA:304,1104
DA:311,1
DA:312,1104
DA:323,1
DA:324,1269
DA:328,1
DA:330,1078
DA:333,1
DA:335,1062
DA:338,1
DA:340,1022
DA:343,1
DA:345,1006
DA:348,1
DA:350,918
DA:353,1
DA:354,4013
DA:355,717
DA:357,3296
DA:360,1
DA:361,1432
DA:362,10472
DA:363,10472
DA:365,10472
DA:366,5227
DA:368,10472
DA:372,1
DA:373,3621
DA:374,2688
DA:376,933
DA:378,933
DA:381,1
DA:382,1129
DA:383,510
DA:385,619
DA:386,200
DA:388,419
DA:391,1
DA:392,1129
DA:395,1
DA:396,619
DA:397,2978
DA:401,1
DA:402,643
DA:403,643
DA:407,1
DA:408,1129
DA:411,1
DA:412,1962
DA:415,1
DA:416,334
DA:417,334
DA:418,2
DA:419,2
DA:420,1
DA:422,2
DA:426,1
DA:427,339
DA:432,1014
DA:435,336
DA:436,1
DA:438,335
DA:439,1
DA:443,1
DA:444,1014
DA:445,3
DA:451,1
DA:452,1
DA:454,1
DA:455,0
DA:456,0
DA:459,1
DA:460,72903
DA:461,72903
DA:462,161236
DA:463,0
DA:465,161236
DA:466,161236
DA:467,161236
DA:468,56550
DA:469,8
DA:471,56542
DA:474,161236
DA:477,72903
DA:479,1
DA:480,16361
DA:486,1
DA:487,339
DA:488,339
DA:489,676
DA:490,676
DA:491,3
DA:493,673
DA:497,339
DA:502,1
DA:503,1
DA:504,1
end_of_record
