SF:/path/to/power-assert-formatter/lib/power-assert-formatter.js
DA:15,1
DA:16,1
DA:20,1
DA:21,0
DA:22,1
DA:23,1
DA:25,0
DA:28,1
DA:30,1
DA:32,1
DA:33,5
DA:41,1
DA:42,87
DA:43,87
DA:44,87
DA:45,87
DA:46,87
DA:49,1
DA:50,87
DA:51,87
DA:52,87
DA:53,87
DA:54,87
DA:57,1
DA:58,87
DA:59,87
DA:60,174
DA:64,1
DA:65,317
DA:68,1
DA:69,317
DA:72,1
DA:73,5546
DA:76,1
DA:77,299
DA:78,299
DA:79,632
DA:83,1
DA:84,299
DA:85,299
DA:86,5546
DA:90,1
DA:91,299
DA:94,1
DA:95,87
DA:97,87
DA:98,299
DA:99,299
DA:100,143
DA:102,299
DA:103,299
DA:104,299
DA:108,1
DA:109,1022
DA:112,1
DA:113,87
DA:118,87
DA:119,87
DA:121,0
DA:123,87
DA:124,87
DA:126,87
DA:128,87
DA:129,87
DA:130,87
DA:131,317
DA:134,87
DA:135,36
DA:138,87
DA:139,87
DA:143,1
DA:144,778
DA:145,680
DA:146,680
DA:147,680
DA:149,98
DA:150,98
DA:151,98
DA:153,778
DA:154,778
DA:155,778
DA:156,778
DA:157,778
DA:158,778
DA:160,1
DA:161,459
DA:163,1
DA:164,778
DA:166,1
DA:167,73
DA:169,1
DA:170,523
DA:171,7
DA:173,516
DA:175,1
DA:176,896
DA:178,1
DA:179,299
DA:183,1
DA:184,87
DA:185,98
DA:186,98
DA:187,778
DA:188,778
DA:189,479
DA:190,7
DA:192,479
DA:194,299
DA:195,299
DA:196,66
DA:198,299
DA:199,37
DA:203,37
DA:206,98
DA:207,37
DA:208,37
DA:209,36
DA:216,1
DA:217,1077
DA:225,1
DA:226,98
DA:228,299
DA:229,299
DA:232,98
DA:234,778
DA:235,778
DA:236,459
DA:238,778
DA:239,778
DA:242,778
DA:248,1
DA:249,98
DA:251,98
DA:255,1
DA:256,299
DA:258,25
DA:260,22
DA:261,7
DA:263,15
DA:267,56
DA:269,196
DA:271,211
DA:275,1
DA:276,32
DA:278,32
DA:279,20
DA:281,12
DA:282,12
DA:287,1
DA:288,56
DA:289,56
DA:293,1
DA:294,12
DA:297,12
DA:298,97
DA:299,97
DA:300,12
DA:301,12
DA:302,12
DA:305,85
DA:310,1
DA:311,56
DA:315,56
DA:316,362
DA:320,56
DA:322,306
DA:327,1
DA:328,68
DA:329,68
DA:330,459
DA:331,459
DA:332,0
DA:334,459
DA:335,0
DA:337,459
DA:338,459
DA:339,68
DA:342,0
DA:346,1
DA:347,317
DA:348,317
DA:349,11294
DA:351,317
DA:355,1
DA:356,481
DA:360,1
DA:361,1850
DA:362,1850
DA:363,40796
DA:364,40796
DA:365,40680
DA:367,116
DA:370,1850
DA:374,1
DA:375,121
DA:377,119
DA:378,119
DA:380,119
DA:384,1
DA:385,71
DA:386,71
DA:387,1
DA:389,70
DA:390,2
DA:392,68
DA:393,25
DA:394,3
DA:396,22
DA:398,43
DA:402,1
DA:403,19
DA:404,1
DA:406,18
DA:411,6
DA:413,12
DA:418,1
DA:419,5
DA:420,5
DA:421,3
DA:422,3
DA:423,0
DA:425,3
DA:429,5
DA:433,1
DA:434,5
DA:442,5
DA:443,351
DA:444,351
DA:446,351
DA:449,5
DA:450,451
DA:453,226
DA:455,111
DA:457,6
DA:459,2
DA:461,106
DA:462,3
DA:463,103
DA:464,16
DA:466,87
DA:468,0
DA:470,0
DA:474,5
DA:475,111
DA:476,4
DA:478,107
DA:479,4
DA:481,103
DA:484,5
DA:485,16
DA:486,16
DA:487,4
DA:489,12
DA:490,32
DA:494,5
DA:495,87
DA:496,87
DA:497,87
DA:498,7
DA:500,80
DA:501,438
DA:502,18
DA:504,62
DA:505,16
DA:507,46
DA:508,46
DA:509,68
DA:510,68
DA:511,0
DA:513,68
DA:515,46
DA:518,5
DA:522,1
DA:523,5
DA:524,36
DA:525,10
DA:527,26
DA:531,5
DA:532,36
DA:535,5
DA:536,26
DA:537,26
DA:538,26
DA:539,26
DA:540,26
DA:543,5
DA:544,10
DA:545,10
DA:546,1
DA:548,9
DA:550,10
DA:551,10
DA:552,10
DA:553,10
DA:556,5
DA:557,10
DA:560,5
DA:562,1
DA:564,1
DA:565,1
DA:566,1
DA:569,5
DA:571,9
DA:572,9
DA:573,9
DA:576,5
DA:580,1
DA:581,5
DA:582,5
DA:583,5
DA:585,5
DA:586,5
DA:588,5
DA:589,5
DA:591,5
DA:592,87
DA:593,0
DA:595,87
DA:596,0
DA:599,87
DA:600,0
DA:602,87
DA:603,87
DA:605,87
DA:606,87
DA:607,87
DA:611,1
DA:612,1
DA:613,1
DA:614,1
DA:615,1
end_of_record
